2020-04-27 01:04:210 INFO  BrowserSelector :18 - Launching Chrome Browser
2020-04-27 01:04:363 INFO  BrowserSelector :18 - Launching Chrome Browser
2020-04-27 01:04:630 INFO  BrowserSelector :18 - Launching Chrome Browser
2020-04-27 01:04:257 INFO  HomePage :46 - Clicking on Sign Up link : [[ChromeDriver: chrome on WINDOWS (45e1f642521124c3d4d453ecc6617e78)] -> xpath: //a[@id='header-sign-up-btn']]
2020-04-27 01:04:738 INFO  HomePage :30 - Entering Full Name : Roger Moore On Full Name Field [[ChromeDriver: chrome on WINDOWS (45e1f642521124c3d4d453ecc6617e78)] -> id: user_name]
2020-04-27 01:04:896 INFO  HomePage :39 - Entering Email : Roger123@gmail.com On Email Field [[ChromeDriver: chrome on WINDOWS (45e1f642521124c3d4d453ecc6617e78)] -> id: user_email]
2020-04-27 01:04:273 INFO  HomePage :48 - Entering Password : Roger123 On Password Field [[ChromeDriver: chrome on WINDOWS (45e1f642521124c3d4d453ecc6617e78)] -> id: user_password]
2020-04-27 01:04:580 INFO  HomePage :57 - Entering Confirm Password : Roger123 On Confirm Password Field [[ChromeDriver: chrome on WINDOWS (45e1f642521124c3d4d453ecc6617e78)] -> id: user_password_confirmation]
2020-04-27 01:04:817 INFO  HomePage :66 - Clicking on Agree To Terms : [[ChromeDriver: chrome on WINDOWS (45e1f642521124c3d4d453ecc6617e78)] -> id: user_agreed_to_terms]
2020-04-27 01:04:73 INFO  BrowserSelector :18 - Launching Chrome Browser
2020-04-27 01:04:220 INFO  HomePage :46 - Clicking on Sign Up link : [[ChromeDriver: chrome on WINDOWS (9903ac1645870eaa2278c08cb753c36d)] -> xpath: //a[@id='header-sign-up-btn']]
2020-04-27 01:04:356 INFO  HomePage :30 - Entering Full Name : Roger Moore On Full Name Field [[ChromeDriver: chrome on WINDOWS (9903ac1645870eaa2278c08cb753c36d)] -> id: user_name]
2020-04-27 01:04:524 INFO  HomePage :39 - Entering Email : Roger123@gmail.com On Email Field [[ChromeDriver: chrome on WINDOWS (9903ac1645870eaa2278c08cb753c36d)] -> id: user_email]
2020-04-27 01:04:965 INFO  HomePage :48 - Entering Password : Roger123 On Password Field [[ChromeDriver: chrome on WINDOWS (9903ac1645870eaa2278c08cb753c36d)] -> id: user_password]
2020-04-27 01:04:270 INFO  HomePage :57 - Entering Confirm Password : Roger123 On Confirm Password Field [[ChromeDriver: chrome on WINDOWS (9903ac1645870eaa2278c08cb753c36d)] -> id: user_password_confirmation]
2020-04-27 01:04:590 INFO  HomePage :66 - Clicking on Agree To Terms : [[ChromeDriver: chrome on WINDOWS (9903ac1645870eaa2278c08cb753c36d)] -> id: user_agreed_to_terms]
2020-04-27 01:04:723 INFO  BrowserSelector :18 - Launching Chrome Browser
2020-04-27 01:04:878 INFO  HomePage :46 - Clicking on Sign Up link : [[ChromeDriver: chrome on WINDOWS (606b14cc6cc7051fbeb014076edc3091)] -> xpath: //a[@id='header-sign-up-btn']]
2020-04-27 01:04:304 INFO  HomePage :30 - Entering Full Name : Roger Moore On Full Name Field [[ChromeDriver: chrome on WINDOWS (606b14cc6cc7051fbeb014076edc3091)] -> id: user_name]
2020-04-27 01:04:694 INFO  HomePage :39 - Entering Email : Roger123@gmail.com On Email Field [[ChromeDriver: chrome on WINDOWS (606b14cc6cc7051fbeb014076edc3091)] -> id: user_email]
2020-04-27 01:04:966 INFO  HomePage :48 - Entering Password : Roger123 On Password Field [[ChromeDriver: chrome on WINDOWS (606b14cc6cc7051fbeb014076edc3091)] -> id: user_password]
2020-04-27 01:04:326 INFO  HomePage :57 - Entering Confirm Password : Roger123 On Confirm Password Field [[ChromeDriver: chrome on WINDOWS (606b14cc6cc7051fbeb014076edc3091)] -> id: user_password_confirmation]
2020-04-27 01:04:521 INFO  HomePage :66 - Clicking on Agree To Terms : [[ChromeDriver: chrome on WINDOWS (606b14cc6cc7051fbeb014076edc3091)] -> id: user_agreed_to_terms]
2020-04-27 01:04:197 INFO  BrowserSelector :18 - Launching Chrome Browser
2020-04-27 01:04:596 INFO  HomePage :46 - Clicking on Sign Up link : [[ChromeDriver: chrome on WINDOWS (82ab3481e4bcfdc8530c4d06bd56ae0d)] -> xpath: //a[@id='header-sign-up-btn']]
2020-04-27 01:04:701 INFO  HomePage :30 - Entering Full Name : Roger Moore On Full Name Field [[ChromeDriver: chrome on WINDOWS (82ab3481e4bcfdc8530c4d06bd56ae0d)] -> id: user_name]
2020-04-27 01:04:244 INFO  HomePage :39 - Entering Email : Roger123@gmail.com On Email Field [[ChromeDriver: chrome on WINDOWS (82ab3481e4bcfdc8530c4d06bd56ae0d)] -> id: user_email]
2020-04-27 01:04:581 INFO  HomePage :48 - Entering Password : Roger123 On Password Field [[ChromeDriver: chrome on WINDOWS (82ab3481e4bcfdc8530c4d06bd56ae0d)] -> id: user_password]
2020-04-27 01:04:920 INFO  HomePage :57 - Entering Confirm Password : Roger123 On Confirm Password Field [[ChromeDriver: chrome on WINDOWS (82ab3481e4bcfdc8530c4d06bd56ae0d)] -> id: user_password_confirmation]
2020-04-27 01:04:172 INFO  HomePage :66 - Clicking on Agree To Terms : [[ChromeDriver: chrome on WINDOWS (82ab3481e4bcfdc8530c4d06bd56ae0d)] -> id: user_agreed_to_terms]
2020-04-27 01:04:375 INFO  HomePage :75 - Clicking on Agree To Terms : [[ChromeDriver: chrome on WINDOWS (82ab3481e4bcfdc8530c4d06bd56ae0d)] -> xpath: //input[@name='commit']]
2020-04-27 01:04:214 INFO  BrowserSelector :18 - Launching Chrome Browser
2020-04-27 01:04:520 INFO  HomePage :46 - Clicking on Sign Up link : [[ChromeDriver: chrome on WINDOWS (22c03cacac518653af47695c2394d5d6)] -> xpath: //a[@id='header-sign-up-btn']]
2020-04-27 01:04:825 INFO  HomePage :30 - Entering Full Name : Roger Moore On Full Name Field [[ChromeDriver: chrome on WINDOWS (22c03cacac518653af47695c2394d5d6)] -> id: user_name]
2020-04-27 01:04:242 INFO  HomePage :39 - Entering Email : Roger123@gmail.com On Email Field [[ChromeDriver: chrome on WINDOWS (22c03cacac518653af47695c2394d5d6)] -> id: user_email]
2020-04-27 01:04:708 INFO  HomePage :48 - Entering Password : Roger123 On Password Field [[ChromeDriver: chrome on WINDOWS (22c03cacac518653af47695c2394d5d6)] -> id: user_password]
2020-04-27 01:04:05 INFO  HomePage :57 - Entering Confirm Password : Roger123 On Confirm Password Field [[ChromeDriver: chrome on WINDOWS (22c03cacac518653af47695c2394d5d6)] -> id: user_password_confirmation]
2020-04-27 01:04:256 INFO  HomePage :66 - Clicking on Agree To Terms : [[ChromeDriver: chrome on WINDOWS (22c03cacac518653af47695c2394d5d6)] -> id: user_agreed_to_terms]
2020-04-27 01:04:894 INFO  HomePage :75 - Clicking on Agree To Terms : [[ChromeDriver: chrome on WINDOWS (22c03cacac518653af47695c2394d5d6)] -> xpath: //input[@name='commit']]
2020-04-27 02:04:495 INFO  BrowserSelector :18 - Launching Chrome Browser
2020-04-27 02:04:885 INFO  HomePage :46 - Clicking on Sign Up link : [[ChromeDriver: chrome on WINDOWS (cc91e13c4f1166e34ab90770c5be93f8)] -> xpath: //a[@id='header-sign-up-btn']]
2020-04-27 02:04:557 INFO  HomePage :30 - Entering Full Name : Roger Moore On Full Name Field [[ChromeDriver: chrome on WINDOWS (cc91e13c4f1166e34ab90770c5be93f8)] -> id: user_name]
2020-04-27 02:04:808 INFO  HomePage :39 - Entering Email : <email> On Email Field [[ChromeDriver: chrome on WINDOWS (cc91e13c4f1166e34ab90770c5be93f8)] -> id: user_email]
2020-04-27 02:04:103 INFO  HomePage :48 - Entering Password : Roger123 On Password Field [[ChromeDriver: chrome on WINDOWS (cc91e13c4f1166e34ab90770c5be93f8)] -> id: user_password]
2020-04-27 02:04:362 INFO  HomePage :57 - Entering Confirm Password : Roger123 On Confirm Password Field [[ChromeDriver: chrome on WINDOWS (cc91e13c4f1166e34ab90770c5be93f8)] -> id: user_password_confirmation]
2020-04-27 02:04:784 INFO  HomePage :66 - Clicking on Agree To Terms : [[ChromeDriver: chrome on WINDOWS (cc91e13c4f1166e34ab90770c5be93f8)] -> id: user_agreed_to_terms]
2020-04-27 02:04:696 INFO  HomePage :75 - Clicking on Agree To Terms : [[ChromeDriver: chrome on WINDOWS (cc91e13c4f1166e34ab90770c5be93f8)] -> xpath: //input[@name='commit']]
2020-04-27 02:04:550 INFO  BrowserSelector :18 - Launching Chrome Browser
2020-04-27 02:04:157 INFO  HomePage :46 - Clicking on Sign Up link : [[ChromeDriver: chrome on WINDOWS (fc2e69a4c4456a9a3cc34aeb98faab8f)] -> xpath: //a[@id='header-sign-up-btn']]
2020-04-27 02:04:538 INFO  HomePage :30 - Entering Full Name : Roger Moore On Full Name Field [[ChromeDriver: chrome on WINDOWS (fc2e69a4c4456a9a3cc34aeb98faab8f)] -> id: user_name]
2020-04-27 02:04:849 INFO  BrowserSelector :18 - Launching Chrome Browser
2020-04-27 02:04:720 INFO  HomePage :46 - Clicking on Sign Up link : [[ChromeDriver: chrome on WINDOWS (908aa44ff2588f0cb16aae2eae8efb26)] -> xpath: //a[@id='header-sign-up-btn']]
2020-04-27 02:04:873 INFO  HomePage :30 - Entering Full Name : Roger Moore On Full Name Field [[ChromeDriver: chrome on WINDOWS (908aa44ff2588f0cb16aae2eae8efb26)] -> id: user_name]
2020-04-27 02:04:219 INFO  HomePage :39 - Entering Email : <email> On Email Field [[ChromeDriver: chrome on WINDOWS (908aa44ff2588f0cb16aae2eae8efb26)] -> id: user_email]
2020-04-27 02:04:522 INFO  HomePage :48 - Entering Password : Roger123 On Password Field [[ChromeDriver: chrome on WINDOWS (908aa44ff2588f0cb16aae2eae8efb26)] -> id: user_password]
2020-04-27 02:04:738 INFO  HomePage :57 - Entering Confirm Password : Roger123 On Confirm Password Field [[ChromeDriver: chrome on WINDOWS (908aa44ff2588f0cb16aae2eae8efb26)] -> id: user_password_confirmation]
2020-04-27 02:04:900 INFO  HomePage :66 - Clicking on Agree To Terms : [[ChromeDriver: chrome on WINDOWS (908aa44ff2588f0cb16aae2eae8efb26)] -> id: user_agreed_to_terms]
2020-04-27 02:04:167 INFO  HomePage :75 - Clicking on Agree To Terms : [[ChromeDriver: chrome on WINDOWS (908aa44ff2588f0cb16aae2eae8efb26)] -> xpath: //input[@name='commit']]
2020-04-27 02:04:929 INFO  BrowserSelector :18 - Launching Chrome Browser
2020-04-27 02:04:48 INFO  HomePage :46 - Clicking on Sign Up link : [[ChromeDriver: chrome on WINDOWS (c173837d9a9e360c2af55a2cfbd412f5)] -> xpath: //a[@id='header-sign-up-btn']]
2020-04-27 02:04:55 INFO  HomePage :30 - Entering Full Name : Roger Moore On Full Name Field [[ChromeDriver: chrome on WINDOWS (c173837d9a9e360c2af55a2cfbd412f5)] -> id: user_name]
2020-04-27 02:04:680 INFO  HomePage :39 - Entering Email : <random_String> On Email Field [[ChromeDriver: chrome on WINDOWS (c173837d9a9e360c2af55a2cfbd412f5)] -> id: user_email]
2020-04-27 02:04:967 INFO  HomePage :48 - Entering Password : Roger123 On Password Field [[ChromeDriver: chrome on WINDOWS (c173837d9a9e360c2af55a2cfbd412f5)] -> id: user_password]
2020-04-27 02:04:271 INFO  HomePage :57 - Entering Confirm Password : Roger123 On Confirm Password Field [[ChromeDriver: chrome on WINDOWS (c173837d9a9e360c2af55a2cfbd412f5)] -> id: user_password_confirmation]
2020-04-27 02:04:658 INFO  HomePage :66 - Clicking on Agree To Terms : [[ChromeDriver: chrome on WINDOWS (c173837d9a9e360c2af55a2cfbd412f5)] -> id: user_agreed_to_terms]
2020-04-27 02:04:30 INFO  HomePage :75 - Clicking on Agree To Terms : [[ChromeDriver: chrome on WINDOWS (c173837d9a9e360c2af55a2cfbd412f5)] -> xpath: //input[@name='commit']]
2020-04-27 02:04:37 INFO  BrowserSelector :18 - Launching Chrome Browser
2020-04-27 02:04:998 INFO  HomePage :46 - Clicking on Sign Up link : [[ChromeDriver: chrome on WINDOWS (38dc2f119c56f69bf1aa6de716a46efc)] -> xpath: //a[@id='header-sign-up-btn']]
2020-04-27 02:04:755 INFO  HomePage :30 - Entering Full Name : Roger Moore On Full Name Field [[ChromeDriver: chrome on WINDOWS (38dc2f119c56f69bf1aa6de716a46efc)] -> id: user_name]
2020-04-27 02:04:368 INFO  HomePage :39 - Entering Email : <Roger+getRandomString(4)+@gmail.com> On Email Field [[ChromeDriver: chrome on WINDOWS (38dc2f119c56f69bf1aa6de716a46efc)] -> id: user_email]
2020-04-27 02:04:816 INFO  HomePage :48 - Entering Password : Roger123 On Password Field [[ChromeDriver: chrome on WINDOWS (38dc2f119c56f69bf1aa6de716a46efc)] -> id: user_password]
2020-04-27 02:04:64 INFO  HomePage :57 - Entering Confirm Password : Roger123 On Confirm Password Field [[ChromeDriver: chrome on WINDOWS (38dc2f119c56f69bf1aa6de716a46efc)] -> id: user_password_confirmation]
2020-04-27 02:04:251 INFO  HomePage :66 - Clicking on Agree To Terms : [[ChromeDriver: chrome on WINDOWS (38dc2f119c56f69bf1aa6de716a46efc)] -> id: user_agreed_to_terms]
2020-04-27 02:04:578 INFO  HomePage :75 - Clicking on Agree To Terms : [[ChromeDriver: chrome on WINDOWS (38dc2f119c56f69bf1aa6de716a46efc)] -> xpath: //input[@name='commit']]
2020-04-27 02:04:679 INFO  BrowserSelector :18 - Launching Chrome Browser
2020-04-27 02:04:513 INFO  HomePage :46 - Clicking on Sign Up link : [[ChromeDriver: chrome on WINDOWS (df0e29af934b4a747249984423d4eff6)] -> xpath: //a[@id='header-sign-up-btn']]
2020-04-27 02:04:34 INFO  HomePage :30 - Entering Full Name : Roger Moore On Full Name Field [[ChromeDriver: chrome on WINDOWS (df0e29af934b4a747249984423d4eff6)] -> id: user_name]
2020-04-27 02:04:543 INFO  HomePage :39 - Entering Email : <email> On Email Field [[ChromeDriver: chrome on WINDOWS (df0e29af934b4a747249984423d4eff6)] -> id: user_email]
2020-04-27 02:04:912 INFO  HomePage :48 - Entering Password : Roger123 On Password Field [[ChromeDriver: chrome on WINDOWS (df0e29af934b4a747249984423d4eff6)] -> id: user_password]
2020-04-27 02:04:250 INFO  HomePage :57 - Entering Confirm Password : Roger123 On Confirm Password Field [[ChromeDriver: chrome on WINDOWS (df0e29af934b4a747249984423d4eff6)] -> id: user_password_confirmation]
2020-04-27 02:04:532 INFO  HomePage :66 - Clicking on Agree To Terms : [[ChromeDriver: chrome on WINDOWS (df0e29af934b4a747249984423d4eff6)] -> id: user_agreed_to_terms]
2020-04-27 02:04:953 INFO  HomePage :75 - Clicking on Agree To Terms : [[ChromeDriver: chrome on WINDOWS (df0e29af934b4a747249984423d4eff6)] -> xpath: //input[@name='commit']]
2020-04-27 02:04:76 INFO  BrowserSelector :18 - Launching Chrome Browser
2020-04-27 02:04:766 INFO  HomePage :46 - Clicking on Sign Up link : [[ChromeDriver: chrome on WINDOWS (edf3ffd678ea3a40b6d146cbae1945cb)] -> xpath: //a[@id='header-sign-up-btn']]
2020-04-27 02:04:140 INFO  HomePage :30 - Entering Full Name : Roger Moore On Full Name Field [[ChromeDriver: chrome on WINDOWS (edf3ffd678ea3a40b6d146cbae1945cb)] -> id: user_name]
2020-04-27 02:04:607 INFO  HomePage :39 - Entering Email : RogerzpzB@gmail.com On Email Field [[ChromeDriver: chrome on WINDOWS (edf3ffd678ea3a40b6d146cbae1945cb)] -> id: user_email]
2020-04-27 02:04:932 INFO  HomePage :48 - Entering Password : Roger123 On Password Field [[ChromeDriver: chrome on WINDOWS (edf3ffd678ea3a40b6d146cbae1945cb)] -> id: user_password]
2020-04-27 02:04:186 INFO  HomePage :57 - Entering Confirm Password : Roger123 On Confirm Password Field [[ChromeDriver: chrome on WINDOWS (edf3ffd678ea3a40b6d146cbae1945cb)] -> id: user_password_confirmation]
2020-04-27 02:04:420 INFO  HomePage :66 - Clicking on Agree To Terms : [[ChromeDriver: chrome on WINDOWS (edf3ffd678ea3a40b6d146cbae1945cb)] -> id: user_agreed_to_terms]
2020-04-27 02:04:403 INFO  HomePage :75 - Clicking on Agree To Terms : Proxy element for: DefaultElementLocator 'By.xpath: //input[@name='commit']'
2020-04-27 02:04:732 INFO  BrowserSelector :18 - Launching Chrome Browser
2020-04-27 02:04:225 INFO  HomePage :46 - Clicking on Sign Up link : [[ChromeDriver: chrome on WINDOWS (7bd928448137f299a26c795b41645f8e)] -> xpath: //a[@id='header-sign-up-btn']]
2020-04-27 02:04:218 INFO  HomePage :30 - Entering Full Name : Roger Moore On Full Name Field [[ChromeDriver: chrome on WINDOWS (7bd928448137f299a26c795b41645f8e)] -> id: user_name]
2020-04-27 02:04:771 INFO  HomePage :39 - Entering Email : Roger7VSW@gmail.com On Email Field [[ChromeDriver: chrome on WINDOWS (7bd928448137f299a26c795b41645f8e)] -> id: user_email]
2020-04-27 02:04:61 INFO  HomePage :48 - Entering Password : Roger123 On Password Field [[ChromeDriver: chrome on WINDOWS (7bd928448137f299a26c795b41645f8e)] -> id: user_password]
2020-04-27 02:04:329 INFO  HomePage :57 - Entering Confirm Password : Roger123 On Confirm Password Field [[ChromeDriver: chrome on WINDOWS (7bd928448137f299a26c795b41645f8e)] -> id: user_password_confirmation]
2020-04-27 02:04:613 INFO  HomePage :66 - Clicking on Agree To Terms : [[ChromeDriver: chrome on WINDOWS (7bd928448137f299a26c795b41645f8e)] -> id: user_agreed_to_terms]
2020-04-27 02:04:740 INFO  HomePage :75 - Clicking on Agree To Terms : Proxy element for: DefaultElementLocator 'By.xpath: //input[@name='commit']'
2020-04-27 02:04:795 INFO  MyCoursesPage :31 - My Course Text is displayed : [[ChromeDriver: chrome on WINDOWS (7bd928448137f299a26c795b41645f8e)] -> xpath: //a[contains(text(),'My Courses')]]
2020-04-27 02:04:445 INFO  BrowserSelector :18 - Launching Chrome Browser
2020-04-27 02:04:109 INFO  HomePage :46 - Clicking on Sign Up link : [[ChromeDriver: chrome on WINDOWS (21c79c4f92447eb0dc5ec6e0f798d441)] -> xpath: //a[@id='header-sign-up-btn']]
2020-04-27 02:04:665 INFO  HomePage :30 - Entering Full Name : Roger Moore On Full Name Field [[ChromeDriver: chrome on WINDOWS (21c79c4f92447eb0dc5ec6e0f798d441)] -> id: user_name]
2020-04-27 02:04:160 INFO  HomePage :39 - Entering Email : RogerPJFc@gmail.com On Email Field [[ChromeDriver: chrome on WINDOWS (21c79c4f92447eb0dc5ec6e0f798d441)] -> id: user_email]
2020-04-27 02:04:427 INFO  HomePage :48 - Entering Password : Roger123 On Password Field [[ChromeDriver: chrome on WINDOWS (21c79c4f92447eb0dc5ec6e0f798d441)] -> id: user_password]
2020-04-27 02:04:761 INFO  HomePage :57 - Entering Confirm Password : Roger123 On Confirm Password Field [[ChromeDriver: chrome on WINDOWS (21c79c4f92447eb0dc5ec6e0f798d441)] -> id: user_password_confirmation]
2020-04-27 02:04:982 INFO  HomePage :66 - Clicking on Agree To Terms : [[ChromeDriver: chrome on WINDOWS (21c79c4f92447eb0dc5ec6e0f798d441)] -> id: user_agreed_to_terms]
2020-04-27 02:04:591 INFO  HomePage :75 - Clicking on Agree To Terms : Proxy element for: DefaultElementLocator 'By.xpath: //input[@name='commit']'
2020-04-27 02:04:640 INFO  MyCoursesPage :31 - My Course Text is displayed : [[ChromeDriver: chrome on WINDOWS (21c79c4f92447eb0dc5ec6e0f798d441)] -> xpath: //a[contains(text(),'My Courses')]]
2020-04-27 02:04:290 INFO  BrowserSelector :18 - Launching Chrome Browser
2020-04-27 02:04:443 INFO  HomePage :46 - Clicking on Sign Up link : [[ChromeDriver: chrome on WINDOWS (8e60bee670c7dfa833bd144b5453b0f6)] -> xpath: //a[@id='header-sign-up-btn']]
2020-04-27 02:04:834 INFO  HomePage :30 - Entering Full Name : Roger Moore On Full Name Field [[ChromeDriver: chrome on WINDOWS (8e60bee670c7dfa833bd144b5453b0f6)] -> id: user_name]
2020-04-27 02:04:368 INFO  HomePage :39 - Entering Email : RogercUPc@gmail.com On Email Field [[ChromeDriver: chrome on WINDOWS (8e60bee670c7dfa833bd144b5453b0f6)] -> id: user_email]
2020-04-27 02:04:774 INFO  HomePage :48 - Entering Password : Roger123 On Password Field [[ChromeDriver: chrome on WINDOWS (8e60bee670c7dfa833bd144b5453b0f6)] -> id: user_password]
2020-04-27 02:04:139 INFO  HomePage :57 - Entering Confirm Password : Roger123 On Confirm Password Field [[ChromeDriver: chrome on WINDOWS (8e60bee670c7dfa833bd144b5453b0f6)] -> id: user_password_confirmation]
2020-04-27 02:04:404 INFO  HomePage :66 - Clicking on Agree To Terms : [[ChromeDriver: chrome on WINDOWS (8e60bee670c7dfa833bd144b5453b0f6)] -> id: user_agreed_to_terms]
2020-04-27 02:04:605 INFO  HomePage :75 - Clicking on Agree To Terms : Proxy element for: DefaultElementLocator 'By.xpath: //input[@name='commit']'
2020-04-27 02:04:646 INFO  MyCoursesPage :31 - My Course Text is displayed : [[ChromeDriver: chrome on WINDOWS (8e60bee670c7dfa833bd144b5453b0f6)] -> xpath: //a[contains(text(),'My Courses')]]
2020-04-27 02:04:263 INFO  BrowserSelector :18 - Launching Chrome Browser
2020-04-27 02:04:993 INFO  HomePage :46 - Clicking on Sign Up link : [[ChromeDriver: chrome on WINDOWS (cd6d87a33fdae2139fc882c1c7801ef7)] -> xpath: //a[@id='header-sign-up-btn']]
2020-04-27 02:04:409 INFO  HomePage :30 - Entering Full Name : Roger Moore On Full Name Field [[ChromeDriver: chrome on WINDOWS (cd6d87a33fdae2139fc882c1c7801ef7)] -> id: user_name]
2020-04-27 02:04:880 INFO  HomePage :39 - Entering Email : RogerJV0J@gmail.com On Email Field [[ChromeDriver: chrome on WINDOWS (cd6d87a33fdae2139fc882c1c7801ef7)] -> id: user_email]
2020-04-27 02:04:404 INFO  HomePage :48 - Entering Password : Roger123 On Password Field [[ChromeDriver: chrome on WINDOWS (cd6d87a33fdae2139fc882c1c7801ef7)] -> id: user_password]
2020-04-27 02:04:771 INFO  HomePage :57 - Entering Confirm Password : Roger123 On Confirm Password Field [[ChromeDriver: chrome on WINDOWS (cd6d87a33fdae2139fc882c1c7801ef7)] -> id: user_password_confirmation]
2020-04-27 02:04:09 INFO  HomePage :66 - Clicking on Agree To Terms : [[ChromeDriver: chrome on WINDOWS (cd6d87a33fdae2139fc882c1c7801ef7)] -> id: user_agreed_to_terms]
2020-04-27 02:04:827 INFO  HomePage :75 - Clicking on Agree To Terms : Proxy element for: DefaultElementLocator 'By.xpath: //input[@name='commit']'
2020-04-27 02:04:878 INFO  MyCoursesPage :31 - My Course Text is displayed : [[ChromeDriver: chrome on WINDOWS (cd6d87a33fdae2139fc882c1c7801ef7)] -> xpath: //a[contains(text(),'My Courses')]]
2020-04-27 02:04:703 INFO  BrowserSelector :18 - Launching Chrome Browser
2020-04-27 02:04:453 INFO  HomePage :46 - Clicking on Sign Up link : [[ChromeDriver: chrome on WINDOWS (a0a066d85bd72d2a8670399ff8903974)] -> xpath: //a[@id='header-sign-up-btn']]
2020-04-27 02:04:971 INFO  HomePage :30 - Entering Full Name : Roger Moore On Full Name Field [[ChromeDriver: chrome on WINDOWS (a0a066d85bd72d2a8670399ff8903974)] -> id: user_name]
2020-04-27 02:04:935 INFO  HomePage :39 - Entering Email : RogeraIxT@gmail.com On Email Field [[ChromeDriver: chrome on WINDOWS (a0a066d85bd72d2a8670399ff8903974)] -> id: user_email]
2020-04-27 02:04:296 INFO  HomePage :48 - Entering Password : Roger123 On Password Field [[ChromeDriver: chrome on WINDOWS (a0a066d85bd72d2a8670399ff8903974)] -> id: user_password]
2020-04-27 02:04:725 INFO  HomePage :57 - Entering Confirm Password : Roger123456 On Confirm Password Field [[ChromeDriver: chrome on WINDOWS (a0a066d85bd72d2a8670399ff8903974)] -> id: user_password_confirmation]
2020-04-27 02:04:919 INFO  HomePage :66 - Clicking on Agree To Terms : [[ChromeDriver: chrome on WINDOWS (a0a066d85bd72d2a8670399ff8903974)] -> id: user_agreed_to_terms]
2020-04-27 02:04:377 INFO  HomePage :75 - Clicking on Agree To Terms : [[ChromeDriver: chrome on WINDOWS (a0a066d85bd72d2a8670399ff8903974)] -> xpath: //input[@name='commit']]
2020-04-27 02:04:432 INFO  HomePage :91 - My Course Text is displayed : [[ChromeDriver: chrome on WINDOWS (a0a066d85bd72d2a8670399ff8903974)] -> xpath: //li[contains(text(),"Password confirmation doesn't match Password")]]
2020-04-27 03:04:120 INFO  BrowserSelector :18 - Launching Chrome Browser
2020-04-27 03:04:969 INFO  HomePage :46 - Clicking on Sign Up link : [[ChromeDriver: chrome on WINDOWS (7c15bef748e149cb8fa5539068823a87)] -> xpath: //a[@id='header-sign-up-btn']]
2020-04-27 03:04:659 INFO  HomePage :30 - Entering Full Name : Roger Moore On Full Name Field [[ChromeDriver: chrome on WINDOWS (7c15bef748e149cb8fa5539068823a87)] -> id: user_name]
2020-04-27 03:04:335 INFO  HomePage :39 - Entering Email : RogerLQhV@gmail.com On Email Field [[ChromeDriver: chrome on WINDOWS (7c15bef748e149cb8fa5539068823a87)] -> id: user_email]
2020-04-27 03:04:652 INFO  HomePage :48 - Entering Password : Roger123 On Password Field [[ChromeDriver: chrome on WINDOWS (7c15bef748e149cb8fa5539068823a87)] -> id: user_password]
2020-04-27 03:04:986 INFO  HomePage :57 - Entering Confirm Password : Roger123456 On Confirm Password Field [[ChromeDriver: chrome on WINDOWS (7c15bef748e149cb8fa5539068823a87)] -> id: user_password_confirmation]
2020-04-27 03:04:399 INFO  HomePage :66 - Clicking on Agree To Terms : [[ChromeDriver: chrome on WINDOWS (7c15bef748e149cb8fa5539068823a87)] -> id: user_agreed_to_terms]
2020-04-27 03:04:787 INFO  HomePage :75 - Clicking on Agree To Terms : [[ChromeDriver: chrome on WINDOWS (7c15bef748e149cb8fa5539068823a87)] -> xpath: //input[@name='commit']]
2020-04-27 03:04:855 INFO  HomePage :91 - My Course Text is displayed : [[ChromeDriver: chrome on WINDOWS (7c15bef748e149cb8fa5539068823a87)] -> xpath: //li[contains(text(),"Password confirmation doesn't match Password")]]
2020-04-27 03:04:536 INFO  BrowserSelector :18 - Launching Chrome Browser
2020-04-27 03:04:571 INFO  HomePage :46 - Clicking on Sign Up link : [[ChromeDriver: chrome on WINDOWS (cee340c5afbd3ee1d34c91d346a5159a)] -> xpath: //a[@id='header-sign-up-btn']]
2020-04-27 03:04:500 INFO  HomePage :30 - Entering Full Name : Roger Moore On Full Name Field [[ChromeDriver: chrome on WINDOWS (cee340c5afbd3ee1d34c91d346a5159a)] -> id: user_name]
2020-04-27 03:04:389 INFO  HomePage :39 - Entering Email : Roger8AIO@gmail.com On Email Field [[ChromeDriver: chrome on WINDOWS (cee340c5afbd3ee1d34c91d346a5159a)] -> id: user_email]
2020-04-27 03:04:801 INFO  HomePage :48 - Entering Password : Roger456 On Password Field [[ChromeDriver: chrome on WINDOWS (cee340c5afbd3ee1d34c91d346a5159a)] -> id: user_password]
2020-04-27 03:04:392 INFO  HomePage :57 - Entering Confirm Password : Roger123786 On Confirm Password Field [[ChromeDriver: chrome on WINDOWS (cee340c5afbd3ee1d34c91d346a5159a)] -> id: user_password_confirmation]
2020-04-27 03:04:641 INFO  HomePage :66 - Clicking on Agree To Terms : [[ChromeDriver: chrome on WINDOWS (cee340c5afbd3ee1d34c91d346a5159a)] -> id: user_agreed_to_terms]
2020-04-27 03:04:590 INFO  HomePage :75 - Clicking on Agree To Terms : [[ChromeDriver: chrome on WINDOWS (cee340c5afbd3ee1d34c91d346a5159a)] -> xpath: //input[@name='commit']]
2020-04-27 03:04:876 INFO  HomePage :91 - My Course Text is displayed : [[ChromeDriver: chrome on WINDOWS (cee340c5afbd3ee1d34c91d346a5159a)] -> xpath: //li[contains(text(),"Password confirmation doesn't match Password")]]
2020-04-27 03:04:02 INFO  BrowserSelector :18 - Launching Chrome Browser
2020-04-27 03:04:800 INFO  HomePage :40 - Clicking on Login Link : [[ChromeDriver: chrome on WINDOWS (dc39cbe7c123b6e75095672e66c3c76f)] -> partial link text: Login]
2020-04-27 03:04:155 INFO  HomePage :27 - Login Page Text is displayed : [[ChromeDriver: chrome on WINDOWS (dc39cbe7c123b6e75095672e66c3c76f)] -> xpath: //h1[@class='text-center']]
2020-04-27 03:04:783 INFO  BrowserSelector :18 - Launching Chrome Browser
2020-04-27 03:04:734 INFO  HomePage :34 - Clicking on Practice Link : [[ChromeDriver: chrome on WINDOWS (6c5fc4f54a68cc8b4a23504ab5893083)] -> partial link text: Practi]
2020-04-27 03:04:307 INFO  HomePage :27 - Practice Page Text is displayed : [[ChromeDriver: chrome on WINDOWS (6c5fc4f54a68cc8b4a23504ab5893083)] -> xpath: //h1[contains(text(),'Practice Page')]]
2020-04-27 03:04:371 INFO  BrowserSelector :18 - Launching Chrome Browser
2020-04-27 03:04:110 INFO  HomePage :46 - Clicking on Sign Up link : [[ChromeDriver: chrome on WINDOWS (0ed8c8bf5cc11a969b5091e17797fd0b)] -> xpath: //a[@id='header-sign-up-btn']]
2020-04-27 03:04:716 INFO  HomePage :30 - Entering Full Name : Roger Moore On Full Name Field [[ChromeDriver: chrome on WINDOWS (0ed8c8bf5cc11a969b5091e17797fd0b)] -> id: user_name]
2020-04-27 03:04:471 INFO  HomePage :39 - Entering Email : RogerCgwH@gmail.com On Email Field [[ChromeDriver: chrome on WINDOWS (0ed8c8bf5cc11a969b5091e17797fd0b)] -> id: user_email]
2020-04-27 03:04:826 INFO  HomePage :48 - Entering Password : Roger123 On Password Field [[ChromeDriver: chrome on WINDOWS (0ed8c8bf5cc11a969b5091e17797fd0b)] -> id: user_password]
2020-04-27 03:04:621 INFO  HomePage :57 - Entering Confirm Password : Roger123 On Confirm Password Field [[ChromeDriver: chrome on WINDOWS (0ed8c8bf5cc11a969b5091e17797fd0b)] -> id: user_password_confirmation]
2020-04-27 03:04:953 INFO  HomePage :66 - Clicking on Agree To Terms : [[ChromeDriver: chrome on WINDOWS (0ed8c8bf5cc11a969b5091e17797fd0b)] -> id: user_agreed_to_terms]
2020-04-27 03:04:922 INFO  HomePage :75 - Clicking on Agree To Terms : Proxy element for: DefaultElementLocator 'By.xpath: //input[@name='commit']'
2020-04-27 03:04:967 INFO  MyCoursesPage :31 - My Course Text is displayed : [[ChromeDriver: chrome on WINDOWS (0ed8c8bf5cc11a969b5091e17797fd0b)] -> xpath: //a[contains(text(),'My Courses')]]
2020-04-27 03:04:642 INFO  BrowserSelector :18 - Launching Chrome Browser
2020-04-27 03:04:499 INFO  HomePage :46 - Clicking on Sign Up link : [[ChromeDriver: chrome on WINDOWS (9112fc5584a8aeeb63742dc4ea4a1614)] -> xpath: //a[@id='header-sign-up-btn']]
2020-04-27 03:04:322 INFO  HomePage :30 - Entering Full Name : Roger Moore On Full Name Field [[ChromeDriver: chrome on WINDOWS (9112fc5584a8aeeb63742dc4ea4a1614)] -> id: user_name]
2020-04-27 03:04:985 INFO  HomePage :39 - Entering Email : RogerwYXa@gmail.com On Email Field [[ChromeDriver: chrome on WINDOWS (9112fc5584a8aeeb63742dc4ea4a1614)] -> id: user_email]
2020-04-27 03:04:333 INFO  HomePage :48 - Entering Password : Roger123 On Password Field [[ChromeDriver: chrome on WINDOWS (9112fc5584a8aeeb63742dc4ea4a1614)] -> id: user_password]
2020-04-27 03:04:663 INFO  HomePage :57 - Entering Confirm Password : Roger123456 On Confirm Password Field [[ChromeDriver: chrome on WINDOWS (9112fc5584a8aeeb63742dc4ea4a1614)] -> id: user_password_confirmation]
2020-04-27 03:04:954 INFO  HomePage :66 - Clicking on Agree To Terms : [[ChromeDriver: chrome on WINDOWS (9112fc5584a8aeeb63742dc4ea4a1614)] -> id: user_agreed_to_terms]
2020-04-27 03:04:429 INFO  HomePage :75 - Clicking on Agree To Terms : [[ChromeDriver: chrome on WINDOWS (9112fc5584a8aeeb63742dc4ea4a1614)] -> xpath: //input[@name='commit']]
2020-04-27 03:04:00 INFO  HomePage :91 - My Course Text is displayed : [[ChromeDriver: chrome on WINDOWS (9112fc5584a8aeeb63742dc4ea4a1614)] -> xpath: //li[contains(text(),"Password confirmation doesn't match Password")]]
2020-04-27 03:04:893 INFO  BrowserSelector :18 - Launching Chrome Browser
2020-04-27 03:04:796 INFO  HomePage :46 - Clicking on Sign Up link : [[ChromeDriver: chrome on WINDOWS (2ba41c1dee30a482e8c27791fa533fdc)] -> xpath: //a[@id='header-sign-up-btn']]
2020-04-27 03:04:463 INFO  HomePage :30 - Entering Full Name : Roger Moore On Full Name Field [[ChromeDriver: chrome on WINDOWS (2ba41c1dee30a482e8c27791fa533fdc)] -> id: user_name]
2020-04-27 03:04:177 INFO  HomePage :39 - Entering Email : RogerJckj@gmail.com On Email Field [[ChromeDriver: chrome on WINDOWS (2ba41c1dee30a482e8c27791fa533fdc)] -> id: user_email]
2020-04-27 03:04:538 INFO  HomePage :48 - Entering Password : Roger456 On Password Field [[ChromeDriver: chrome on WINDOWS (2ba41c1dee30a482e8c27791fa533fdc)] -> id: user_password]
2020-04-27 03:04:971 INFO  HomePage :57 - Entering Confirm Password : Roger123786 On Confirm Password Field [[ChromeDriver: chrome on WINDOWS (2ba41c1dee30a482e8c27791fa533fdc)] -> id: user_password_confirmation]
2020-04-27 03:04:254 INFO  HomePage :66 - Clicking on Agree To Terms : [[ChromeDriver: chrome on WINDOWS (2ba41c1dee30a482e8c27791fa533fdc)] -> id: user_agreed_to_terms]
2020-04-27 03:04:369 INFO  HomePage :75 - Clicking on Agree To Terms : [[ChromeDriver: chrome on WINDOWS (2ba41c1dee30a482e8c27791fa533fdc)] -> xpath: //input[@name='commit']]
2020-04-27 03:04:930 INFO  HomePage :91 - My Course Text is displayed : [[ChromeDriver: chrome on WINDOWS (2ba41c1dee30a482e8c27791fa533fdc)] -> xpath: //li[contains(text(),"Password confirmation doesn't match Password")]]
2020-04-29 00:04:830 INFO  BrowserSelector :18 - Launching Chrome Browser
2020-04-29 00:04:218 INFO  HomePage :40 - Clicking on Login Link : [[ChromeDriver: chrome on WINDOWS (64a1d2d7b45cd8162b64fa078ee182a9)] -> partial link text: Login]
2020-04-29 00:04:13 INFO  HomePage :27 - Login Page Text is displayed : [[ChromeDriver: chrome on WINDOWS (64a1d2d7b45cd8162b64fa078ee182a9)] -> xpath: //h1[@class='text-center']]
2020-04-29 00:04:576 INFO  BrowserSelector :18 - Launching Chrome Browser
2020-04-29 00:04:662 INFO  HomePage :34 - Clicking on Practice Link : [[ChromeDriver: chrome on WINDOWS (852cc5dd75fa1dc365dd6a3eab866d5a)] -> partial link text: Practi]
2020-04-29 00:04:822 INFO  HomePage :27 - Practice Page Text is displayed : [[ChromeDriver: chrome on WINDOWS (852cc5dd75fa1dc365dd6a3eab866d5a)] -> xpath: //h1[contains(text(),'Practice Page')]]
2020-04-29 00:04:696 INFO  BrowserSelector :18 - Launching Chrome Browser
2020-04-29 01:04:451 INFO  HomePage :46 - Clicking on Sign Up link : [[ChromeDriver: chrome on WINDOWS (d8176e93c7c5eacb4ca53f8c5d77921b)] -> xpath: //a[@id='header-sign-up-btn']]
2020-04-29 01:04:302 INFO  HomePage :30 - Entering Full Name : Roger Moore On Full Name Field [[ChromeDriver: chrome on WINDOWS (d8176e93c7c5eacb4ca53f8c5d77921b)] -> id: user_name]
2020-04-29 01:04:133 INFO  HomePage :39 - Entering Email : RogerM2oI@gmail.com On Email Field [[ChromeDriver: chrome on WINDOWS (d8176e93c7c5eacb4ca53f8c5d77921b)] -> id: user_email]
2020-04-29 01:04:557 INFO  HomePage :48 - Entering Password : Roger123 On Password Field [[ChromeDriver: chrome on WINDOWS (d8176e93c7c5eacb4ca53f8c5d77921b)] -> id: user_password]
2020-04-29 01:04:911 INFO  HomePage :57 - Entering Confirm Password : Roger123 On Confirm Password Field [[ChromeDriver: chrome on WINDOWS (d8176e93c7c5eacb4ca53f8c5d77921b)] -> id: user_password_confirmation]
2020-04-29 01:04:285 INFO  HomePage :66 - Clicking on Agree To Terms : [[ChromeDriver: chrome on WINDOWS (d8176e93c7c5eacb4ca53f8c5d77921b)] -> id: user_agreed_to_terms]
2020-04-29 01:04:416 INFO  HomePage :75 - Clicking on Agree To Terms : Proxy element for: DefaultElementLocator 'By.xpath: //input[@name='commit']'
2020-04-29 01:04:514 INFO  MyCoursesPage :31 - My Course Text is displayed : [[ChromeDriver: chrome on WINDOWS (d8176e93c7c5eacb4ca53f8c5d77921b)] -> xpath: //a[contains(text(),'My Courses')]]
2020-04-29 01:04:473 INFO  BrowserSelector :18 - Launching Chrome Browser
2020-04-29 01:04:808 INFO  HomePage :46 - Clicking on Sign Up link : [[ChromeDriver: chrome on WINDOWS (bcb912e73ce757d7bcbcad54f0dbe75f)] -> xpath: //a[@id='header-sign-up-btn']]
2020-04-29 01:04:856 INFO  HomePage :30 - Entering Full Name : Roger Moore On Full Name Field [[ChromeDriver: chrome on WINDOWS (bcb912e73ce757d7bcbcad54f0dbe75f)] -> id: user_name]
2020-04-29 01:04:497 INFO  HomePage :39 - Entering Email : RogerG6VA@gmail.com On Email Field [[ChromeDriver: chrome on WINDOWS (bcb912e73ce757d7bcbcad54f0dbe75f)] -> id: user_email]
2020-04-29 01:04:780 INFO  HomePage :48 - Entering Password : Roger123 On Password Field [[ChromeDriver: chrome on WINDOWS (bcb912e73ce757d7bcbcad54f0dbe75f)] -> id: user_password]
2020-04-29 01:04:212 INFO  HomePage :57 - Entering Confirm Password : Roger123456 On Confirm Password Field [[ChromeDriver: chrome on WINDOWS (bcb912e73ce757d7bcbcad54f0dbe75f)] -> id: user_password_confirmation]
2020-04-29 01:04:496 INFO  HomePage :66 - Clicking on Agree To Terms : [[ChromeDriver: chrome on WINDOWS (bcb912e73ce757d7bcbcad54f0dbe75f)] -> id: user_agreed_to_terms]
2020-04-29 01:04:732 INFO  HomePage :75 - Clicking on Agree To Terms : [[ChromeDriver: chrome on WINDOWS (bcb912e73ce757d7bcbcad54f0dbe75f)] -> xpath: //input[@name='commit']]
2020-04-29 01:04:169 INFO  HomePage :91 - My Course Text is displayed : [[ChromeDriver: chrome on WINDOWS (bcb912e73ce757d7bcbcad54f0dbe75f)] -> xpath: //li[contains(text(),"Password confirmation doesn't match Password")]]
2020-04-29 01:04:772 INFO  BrowserSelector :18 - Launching Chrome Browser
2020-04-29 01:04:432 INFO  HomePage :46 - Clicking on Sign Up link : [[ChromeDriver: chrome on WINDOWS (ae9b7407848629bba4503d76b684f89b)] -> xpath: //a[@id='header-sign-up-btn']]
2020-04-29 01:04:19 INFO  HomePage :30 - Entering Full Name : Roger Moore On Full Name Field [[ChromeDriver: chrome on WINDOWS (ae9b7407848629bba4503d76b684f89b)] -> id: user_name]
2020-04-29 01:04:437 INFO  HomePage :39 - Entering Email : RogerO6CM@gmail.com On Email Field [[ChromeDriver: chrome on WINDOWS (ae9b7407848629bba4503d76b684f89b)] -> id: user_email]
2020-04-29 01:04:810 INFO  HomePage :48 - Entering Password : Roger456 On Password Field [[ChromeDriver: chrome on WINDOWS (ae9b7407848629bba4503d76b684f89b)] -> id: user_password]
2020-04-29 01:04:226 INFO  HomePage :57 - Entering Confirm Password : Roger123786 On Confirm Password Field [[ChromeDriver: chrome on WINDOWS (ae9b7407848629bba4503d76b684f89b)] -> id: user_password_confirmation]
2020-04-29 01:04:465 INFO  HomePage :66 - Clicking on Agree To Terms : [[ChromeDriver: chrome on WINDOWS (ae9b7407848629bba4503d76b684f89b)] -> id: user_agreed_to_terms]
2020-04-29 01:04:680 INFO  HomePage :75 - Clicking on Agree To Terms : [[ChromeDriver: chrome on WINDOWS (ae9b7407848629bba4503d76b684f89b)] -> xpath: //input[@name='commit']]
2020-04-29 01:04:125 INFO  HomePage :91 - My Course Text is displayed : [[ChromeDriver: chrome on WINDOWS (ae9b7407848629bba4503d76b684f89b)] -> xpath: //li[contains(text(),"Password confirmation doesn't match Password")]]
